This file contains any messages produced by compilers while
running configure, to aid debugging if configure makes a mistake.

It was created by Rapophenia configure X.XX, which was
generated by GNU Autoconf 2.69.  Invocation command line was

  $ ./configure 

## --------- ##
## Platform. ##
## --------- ##

hostname = Anna
uname -m = x86_64
uname -r = 3.13.6-200.fc20.x86_64
uname -s = Linux
uname -v = #1 SMP Fri Mar 7 17:02:28 UTC 2014

/usr/bin/uname -p = x86_64
/bin/uname -X     = unknown

/bin/arch              = x86_64
/usr/bin/arch -k       = unknown
/usr/convex/getsysinfo = unknown
/usr/bin/hostinfo      = unknown
/bin/machine           = unknown
/usr/bin/oslevel       = unknown
/bin/universe          = unknown

PATH: ./
PATH: ./
PATH: /usr/lib64/qt-3.3/bin
PATH: /usr/lib64/ccache
PATH: /usr/local/bin
PATH: /bin
PATH: /usr/bin
PATH: /home/b/bin
PATH: /usr/local/sbin
PATH: /usr/sbin
PATH: /home/b/tech/bin
PATH: .
PATH: /home/b/bin
PATH: /home/b/tech/bin
PATH: .


## ----------- ##
## Core tests. ##
## ----------- ##

configure:2046: loading site script /usr/share/config.site
| # This is the config.site file to satisfy FHS defaults when installing below
| # /usr.
| #
| # You may override this file by your config.site using the CONFIG_SITE env
| # variable.
| #
| # Note: This file includes also RHEL/Fedora fix for installing libraries into
| # "/lib/lib64" on 64bit systems.
| 
| if test -n "$host"; then
|     # skip when cross-compiling
|     return 0
| fi
| 
| if test "$prefix" = /usr; then
|     test "$sysconfdir" = '${prefix}/etc' && sysconfdir=/etc
|     test "$sharedstatedir" = '${prefix}/com' && sharedstatedir=/var
|     test "$localstatedir" = '${prefix}/var' && localstatedir=/var
| 
|     ARCH=`uname -m`
|     for i in x86_64 ppc64 s390x aarch64; do
|         if test $ARCH = $i; then
|             test "$libdir" = '${exec_prefix}/lib' && libdir='${exec_prefix}/lib64'
|             break
|         fi
|     done
| fi
configure:2215: checking for gcc
configure:2242: result: gcc -m64 -std=gnu99
configure:2471: checking for C compiler version
configure:2480: gcc -m64 -std=gnu99 --version >&5
gcc (GCC) 4.8.2 20131212 (Red Hat 4.8.2-7)
Copyright (C) 2013 Free Software Foundation, Inc.
This is free software; see the source for copying conditions.  There is NO
warranty; not even for MERCHANTABILITY or FITNESS FOR A PARTICULAR PURPOSE.

configure:2491: $? = 0
configure:2480: gcc -m64 -std=gnu99 -v >&5
Using built-in specs.
COLLECT_GCC=/bin/gcc
COLLECT_LTO_WRAPPER=/usr/libexec/gcc/x86_64-redhat-linux/4.8.2/lto-wrapper
Target: x86_64-redhat-linux
Configured with: ../configure --prefix=/usr --mandir=/usr/share/man --infodir=/usr/share/info --with-bugurl=http://bugzilla.redhat.com/bugzilla --enable-bootstrap --enable-shared --enable-threads=posix --enable-checking=release --with-system-zlib --enable-__cxa_atexit --disable-libunwind-exceptions --enable-gnu-unique-object --enable-linker-build-id --with-linker-hash-style=gnu --enable-languages=c,c++,objc,obj-c++,java,fortran,ada,go,lto --enable-plugin --enable-initfini-array --enable-java-awt=gtk --disable-dssi --with-java-home=/usr/lib/jvm/java-1.5.0-gcj-1.5.0.0/jre --enable-libgcj-multifile --enable-java-maintainer-mode --with-ecj-jar=/usr/share/java/eclipse-ecj.jar --disable-libjava-multilib --with-isl=/builddir/build/BUILD/gcc-4.8.2-20131212/obj-x86_64-redhat-linux/isl-install --with-cloog=/builddir/build/BUILD/gcc-4.8.2-20131212/obj-x86_64-redhat-linux/cloog-install --with-tune=generic --with-arch_32=i686 --build=x86_64-redhat-linux
Thread model: posix
gcc version 4.8.2 20131212 (Red Hat 4.8.2-7) (GCC) 
configure:2491: $? = 0
configure:2480: gcc -m64 -std=gnu99 -V >&5
gcc: error: unrecognized command line option '-V'
gcc: fatal error: no input files
compilation terminated.
configure:2491: $? = 4
configure:2480: gcc -m64 -std=gnu99 -qversion >&5
gcc: error: unrecognized command line option '-qversion'
gcc: fatal error: no input files
compilation terminated.
configure:2491: $? = 4
configure:2511: checking whether the C compiler works
configure:2533: gcc -m64 -std=gnu99  -I/usr/local/include  conftest.c  >&5
configure:2537: $? = 0
configure:2585: result: yes
configure:2588: checking for C compiler default output file name
configure:2590: result: a.out
configure:2596: checking for suffix of executables
configure:2603: gcc -m64 -std=gnu99 -o conftest  -I/usr/local/include  conftest.c  >&5
configure:2607: $? = 0
configure:2629: result: 
configure:2651: checking whether we are cross compiling
configure:2659: gcc -m64 -std=gnu99 -o conftest  -I/usr/local/include  conftest.c  >&5
configure:2663: $? = 0
configure:2670: ./conftest
configure:2674: $? = 0
configure:2689: result: no
configure:2694: checking for suffix of object files
configure:2716: gcc -m64 -std=gnu99 -c  -I/usr/local/include conftest.c >&5
configure:2720: $? = 0
configure:2741: result: o
configure:2745: checking whether we are using the GNU C compiler
configure:2764: gcc -m64 -std=gnu99 -c  -I/usr/local/include conftest.c >&5
configure:2764: $? = 0
configure:2773: result: yes
configure:2782: checking whether gcc -m64 -std=gnu99 accepts -g
configure:2802: gcc -m64 -std=gnu99 -c -g -I/usr/local/include conftest.c >&5
configure:2802: $? = 0
configure:2843: result: yes
configure:2860: checking for gcc -m64 -std=gnu99 option to accept ISO C89
configure:2923: gcc -m64 -std=gnu99  -c -g -O2 -I/usr/local/include conftest.c >&5
configure:2923: $? = 0
configure:2936: result: none needed
configure:2957: checking for cos in -lm
configure:2982: gcc -m64 -std=gnu99 -o conftest -g -O2 -I/usr/local/include  conftest.c -lm   >&5
conftest.c:16:6: warning: conflicting types for built-in function 'cos' [enabled by default]
 char cos ();
      ^
configure:2982: $? = 0
configure:2991: result: yes
configure:3004: checking for cblas_dgemm in -lgslcblas
configure:3029: gcc -m64 -std=gnu99 -o conftest -g -O2 -I/usr/local/include  conftest.c -lgslcblas  -lm  >&5
configure:3029: $? = 0
configure:3038: result: yes
configure:3049: checking for gsl_blas_dgemm in -lgsl
configure:3074: gcc -m64 -std=gnu99 -o conftest -g -O2 -I/usr/local/include  conftest.c -lgsl  -lgslcblas -lm  >&5
configure:3074: $? = 0
configure:3083: result: yes
configure:3097: checking for sqlite3_exec in -lsqlite3
configure:3122: gcc -m64 -std=gnu99 -o conftest -g -O2 -I/usr/local/include  conftest.c -lsqlite3  -lgsl -lgslcblas -lm  >&5
configure:3122: $? = 0
configure:3131: result: yes
configure:3142: checking for apop_data_alloc_base in -lapophenia
configure:3167: gcc -m64 -std=gnu99 -o conftest -g -O2 -I/usr/local/include  conftest.c -lapophenia  -lsqlite3 -lgsl -lgslcblas -lm  >&5
configure:3167: $? = 0
configure:3176: result: yes
configure:3225: checking how to run the C preprocessor
configure:3256: gcc -m64 -std=gnu99 -E -I/usr/local/include conftest.c
configure:3256: $? = 0
configure:3270: gcc -m64 -std=gnu99 -E -I/usr/local/include conftest.c
conftest.c:14:28: fatal error: ac_nonexistent.h: No such file or directory
 #include <ac_nonexistent.h>
                            ^
compilation terminated.
configure:3270: $? = 1
configure: failed program was:
| /* confdefs.h */
| #define PACKAGE_NAME "Rapophenia"
| #define PACKAGE_TARNAME "rapophenia"
| #define PACKAGE_VERSION "X.XX"
| #define PACKAGE_STRING "Rapophenia X.XX"
| #define PACKAGE_BUGREPORT "ben.klemens@census.gov"
| #define PACKAGE_URL ""
| #define HAVE_LIBM 1
| #define HAVE_LIBGSLCBLAS 1
| #define HAVE_LIBGSL 1
| #define HAVE_LIBSQLITE3 1
| #define HAVE_LIBAPOPHENIA 1
| /* end confdefs.h.  */
| #include <ac_nonexistent.h>
configure:3295: result: gcc -m64 -std=gnu99 -E
configure:3315: gcc -m64 -std=gnu99 -E -I/usr/local/include conftest.c
configure:3315: $? = 0
configure:3329: gcc -m64 -std=gnu99 -E -I/usr/local/include conftest.c
conftest.c:14:28: fatal error: ac_nonexistent.h: No such file or directory
 #include <ac_nonexistent.h>
                            ^
compilation terminated.
configure:3329: $? = 1
configure: failed program was:
| /* confdefs.h */
| #define PACKAGE_NAME "Rapophenia"
| #define PACKAGE_TARNAME "rapophenia"
| #define PACKAGE_VERSION "X.XX"
| #define PACKAGE_STRING "Rapophenia X.XX"
| #define PACKAGE_BUGREPORT "ben.klemens@census.gov"
| #define PACKAGE_URL ""
| #define HAVE_LIBM 1
| #define HAVE_LIBGSLCBLAS 1
| #define HAVE_LIBGSL 1
| #define HAVE_LIBSQLITE3 1
| #define HAVE_LIBAPOPHENIA 1
| /* end confdefs.h.  */
| #include <ac_nonexistent.h>
configure:3358: checking for grep that handles long lines and -e
configure:3416: result: /bin/grep
configure:3421: checking for egrep
configure:3483: result: /bin/grep -E
configure:3488: checking for ANSI C header files
configure:3508: gcc -m64 -std=gnu99 -c -g -O2 -I/usr/local/include conftest.c >&5
configure:3508: $? = 0
configure:3581: gcc -m64 -std=gnu99 -o conftest -g -O2 -I/usr/local/include  conftest.c -lapophenia -lsqlite3 -lgsl -lgslcblas -lm  >&5
configure:3581: $? = 0
configure:3581: ./conftest
configure:3581: $? = 0
configure:3592: result: yes
configure:3605: checking for sys/types.h
configure:3605: gcc -m64 -std=gnu99 -c -g -O2 -I/usr/local/include conftest.c >&5
configure:3605: $? = 0
configure:3605: result: yes
configure:3605: checking for sys/stat.h
configure:3605: gcc -m64 -std=gnu99 -c -g -O2 -I/usr/local/include conftest.c >&5
configure:3605: $? = 0
configure:3605: result: yes
configure:3605: checking for stdlib.h
configure:3605: gcc -m64 -std=gnu99 -c -g -O2 -I/usr/local/include conftest.c >&5
configure:3605: $? = 0
configure:3605: result: yes
configure:3605: checking for string.h
configure:3605: gcc -m64 -std=gnu99 -c -g -O2 -I/usr/local/include conftest.c >&5
configure:3605: $? = 0
configure:3605: result: yes
configure:3605: checking for memory.h
configure:3605: gcc -m64 -std=gnu99 -c -g -O2 -I/usr/local/include conftest.c >&5
configure:3605: $? = 0
configure:3605: result: yes
configure:3605: checking for strings.h
configure:3605: gcc -m64 -std=gnu99 -c -g -O2 -I/usr/local/include conftest.c >&5
configure:3605: $? = 0
configure:3605: result: yes
configure:3605: checking for inttypes.h
configure:3605: gcc -m64 -std=gnu99 -c -g -O2 -I/usr/local/include conftest.c >&5
configure:3605: $? = 0
configure:3605: result: yes
configure:3605: checking for stdint.h
configure:3605: gcc -m64 -std=gnu99 -c -g -O2 -I/usr/local/include conftest.c >&5
configure:3605: $? = 0
configure:3605: result: yes
configure:3605: checking for unistd.h
configure:3605: gcc -m64 -std=gnu99 -c -g -O2 -I/usr/local/include conftest.c >&5
configure:3605: $? = 0
configure:3605: result: yes
configure:3617: checking for size_t
configure:3617: gcc -m64 -std=gnu99 -c -g -O2 -I/usr/local/include conftest.c >&5
configure:3617: $? = 0
configure:3617: gcc -m64 -std=gnu99 -c -g -O2 -I/usr/local/include conftest.c >&5
conftest.c: In function 'main':
conftest.c:60:21: error: expected expression before ')' token
 if (sizeof ((size_t)))
                     ^
configure:3617: $? = 1
configure: failed program was:
| /* confdefs.h */
| #define PACKAGE_NAME "Rapophenia"
| #define PACKAGE_TARNAME "rapophenia"
| #define PACKAGE_VERSION "X.XX"
| #define PACKAGE_STRING "Rapophenia X.XX"
| #define PACKAGE_BUGREPORT "ben.klemens@census.gov"
| #define PACKAGE_URL ""
| #define HAVE_LIBM 1
| #define HAVE_LIBGSLCBLAS 1
| #define HAVE_LIBGSL 1
| #define HAVE_LIBSQLITE3 1
| #define HAVE_LIBAPOPHENIA 1
| #define STDC_HEADERS 1
| #define HAVE_SYS_TYPES_H 1
| #define HAVE_SYS_STAT_H 1
| #define HAVE_STDLIB_H 1
| #define HAVE_STRING_H 1
| #define HAVE_MEMORY_H 1
| #define HAVE_STRINGS_H 1
| #define HAVE_INTTYPES_H 1
| #define HAVE_STDINT_H 1
| #define HAVE_UNISTD_H 1
| /* end confdefs.h.  */
| #include <stdio.h>
| #ifdef HAVE_SYS_TYPES_H
| # include <sys/types.h>
| #endif
| #ifdef HAVE_SYS_STAT_H
| # include <sys/stat.h>
| #endif
| #ifdef STDC_HEADERS
| # include <stdlib.h>
| # include <stddef.h>
| #else
| # ifdef HAVE_STDLIB_H
| #  include <stdlib.h>
| # endif
| #endif
| #ifdef HAVE_STRING_H
| # if !defined STDC_HEADERS && defined HAVE_MEMORY_H
| #  include <memory.h>
| # endif
| # include <string.h>
| #endif
| #ifdef HAVE_STRINGS_H
| # include <strings.h>
| #endif
| #ifdef HAVE_INTTYPES_H
| # include <inttypes.h>
| #endif
| #ifdef HAVE_STDINT_H
| # include <stdint.h>
| #endif
| #ifdef HAVE_UNISTD_H
| # include <unistd.h>
| #endif
| int
| main ()
| {
| if (sizeof ((size_t)))
| 	    return 0;
|   ;
|   return 0;
| }
configure:3617: result: yes
configure:3630: checking for working alloca.h
configure:3647: gcc -m64 -std=gnu99 -o conftest -g -O2 -I/usr/local/include  conftest.c -lapophenia -lsqlite3 -lgsl -lgslcblas -lm  >&5
configure:3647: $? = 0
configure:3655: result: yes
configure:3663: checking for alloca
configure:3700: gcc -m64 -std=gnu99 -o conftest -g -O2 -I/usr/local/include  conftest.c -lapophenia -lsqlite3 -lgsl -lgslcblas -lm  >&5
configure:3700: $? = 0
configure:3708: result: yes
configure:3814: checking for ANSI C header files
configure:3918: result: yes
configure:3929: checking float.h usability
configure:3929: gcc -m64 -std=gnu99 -c -g -O2 -I/usr/local/include conftest.c >&5
configure:3929: $? = 0
configure:3929: result: yes
configure:3929: checking float.h presence
configure:3929: gcc -m64 -std=gnu99 -E -I/usr/local/include conftest.c
configure:3929: $? = 0
configure:3929: result: yes
configure:3929: checking for float.h
configure:3929: result: yes
configure:3929: checking for inttypes.h
configure:3929: result: yes
configure:3929: checking for stdlib.h
configure:3929: result: yes
configure:3929: checking for string.h
configure:3929: result: yes
configure:3929: checking for unistd.h
configure:3929: result: yes
configure:3929: checking wchar.h usability
configure:3929: gcc -m64 -std=gnu99 -c -g -O2 -I/usr/local/include conftest.c >&5
configure:3929: $? = 0
configure:3929: result: yes
configure:3929: checking wchar.h presence
configure:3929: gcc -m64 -std=gnu99 -E -I/usr/local/include conftest.c
configure:3929: $? = 0
configure:3929: result: yes
configure:3929: checking for wchar.h
configure:3929: result: yes
configure:3939: checking gsl/gsl_rng.h usability
configure:3939: gcc -m64 -std=gnu99 -c -g -O2 -I/usr/local/include conftest.c >&5
configure:3939: $? = 0
configure:3939: result: yes
configure:3939: checking gsl/gsl_rng.h presence
configure:3939: gcc -m64 -std=gnu99 -E -I/usr/local/include conftest.c
configure:3939: $? = 0
configure:3939: result: yes
configure:3939: checking for gsl/gsl_rng.h
configure:3939: result: yes
configure:3947: checking sqlite3.h usability
configure:3947: gcc -m64 -std=gnu99 -c -g -O2 -I/usr/local/include conftest.c >&5
configure:3947: $? = 0
configure:3947: result: yes
configure:3947: checking sqlite3.h presence
configure:3947: gcc -m64 -std=gnu99 -E -I/usr/local/include conftest.c
configure:3947: $? = 0
configure:3947: result: yes
configure:3947: checking for sqlite3.h
configure:3947: result: yes
configure:3955: checking apop.h usability
configure:3955: gcc -m64 -std=gnu99 -c -g -O2 -I/usr/local/include conftest.c >&5
configure:3955: $? = 0
configure:3955: result: yes
configure:3955: checking apop.h presence
configure:3955: gcc -m64 -std=gnu99 -E -I/usr/local/include conftest.c
configure:3955: $? = 0
configure:3955: result: yes
configure:3955: checking for apop.h
configure:3955: result: yes
configure:3965: checking for an ANSI C-conforming const
configure:4031: gcc -m64 -std=gnu99 -c -g -O2 -I/usr/local/include conftest.c >&5
configure:4031: $? = 0
configure:4038: result: yes
configure:4046: checking for inline
configure:4062: gcc -m64 -std=gnu99 -c -g -O2 -I/usr/local/include conftest.c >&5
configure:4062: $? = 0
configure:4070: result: inline
configure:4088: checking for size_t
configure:4088: result: yes
configure:4099: checking whether struct tm is in sys/time.h or time.h
configure:4119: gcc -m64 -std=gnu99 -c -g -O2 -I/usr/local/include conftest.c >&5
configure:4119: $? = 0
configure:4126: result: time.h
configure:4134: checking for ptrdiff_t
configure:4134: gcc -m64 -std=gnu99 -c -g -O2 -I/usr/local/include conftest.c >&5
configure:4134: $? = 0
configure:4134: gcc -m64 -std=gnu99 -c -g -O2 -I/usr/local/include conftest.c >&5
conftest.c: In function 'main':
conftest.c:69:24: error: expected expression before ')' token
 if (sizeof ((ptrdiff_t)))
                        ^
configure:4134: $? = 1
configure: failed program was:
| /* confdefs.h */
| #define PACKAGE_NAME "Rapophenia"
| #define PACKAGE_TARNAME "rapophenia"
| #define PACKAGE_VERSION "X.XX"
| #define PACKAGE_STRING "Rapophenia X.XX"
| #define PACKAGE_BUGREPORT "ben.klemens@census.gov"
| #define PACKAGE_URL ""
| #define HAVE_LIBM 1
| #define HAVE_LIBGSLCBLAS 1
| #define HAVE_LIBGSL 1
| #define HAVE_LIBSQLITE3 1
| #define HAVE_LIBAPOPHENIA 1
| #define STDC_HEADERS 1
| #define HAVE_SYS_TYPES_H 1
| #define HAVE_SYS_STAT_H 1
| #define HAVE_STDLIB_H 1
| #define HAVE_STRING_H 1
| #define HAVE_MEMORY_H 1
| #define HAVE_STRINGS_H 1
| #define HAVE_INTTYPES_H 1
| #define HAVE_STDINT_H 1
| #define HAVE_UNISTD_H 1
| #define HAVE_ALLOCA_H 1
| #define HAVE_ALLOCA 1
| #define STDC_HEADERS 1
| #define HAVE_FLOAT_H 1
| #define HAVE_INTTYPES_H 1
| #define HAVE_STDLIB_H 1
| #define HAVE_STRING_H 1
| #define HAVE_UNISTD_H 1
| #define HAVE_WCHAR_H 1
| /* end confdefs.h.  */
| #include <stdio.h>
| #ifdef HAVE_SYS_TYPES_H
| # include <sys/types.h>
| #endif
| #ifdef HAVE_SYS_STAT_H
| # include <sys/stat.h>
| #endif
| #ifdef STDC_HEADERS
| # include <stdlib.h>
| # include <stddef.h>
| #else
| # ifdef HAVE_STDLIB_H
| #  include <stdlib.h>
| # endif
| #endif
| #ifdef HAVE_STRING_H
| # if !defined STDC_HEADERS && defined HAVE_MEMORY_H
| #  include <memory.h>
| # endif
| # include <string.h>
| #endif
| #ifdef HAVE_STRINGS_H
| # include <strings.h>
| #endif
| #ifdef HAVE_INTTYPES_H
| # include <inttypes.h>
| #endif
| #ifdef HAVE_STDINT_H
| # include <stdint.h>
| #endif
| #ifdef HAVE_UNISTD_H
| # include <unistd.h>
| #endif
| int
| main ()
| {
| if (sizeof ((ptrdiff_t)))
| 	    return 0;
|   ;
|   return 0;
| }
configure:4134: result: yes
configure:4148: checking for stdlib.h
configure:4148: result: yes
configure:4158: checking for GNU libc compatible malloc
configure:4182: gcc -m64 -std=gnu99 -o conftest -g -O2 -I/usr/local/include  conftest.c -lapophenia -lsqlite3 -lgsl -lgslcblas -lm  >&5
configure:4182: $? = 0
configure:4182: ./conftest
configure:4182: $? = 0
configure:4192: result: yes
configure:4215: checking for stdlib.h
configure:4215: result: yes
configure:4225: checking for GNU libc compatible realloc
configure:4249: gcc -m64 -std=gnu99 -o conftest -g -O2 -I/usr/local/include  conftest.c -lapophenia -lsqlite3 -lgsl -lgslcblas -lm  >&5
configure:4249: $? = 0
configure:4249: ./conftest
configure:4249: $? = 0
configure:4259: result: yes
configure:4280: checking for working strtod
configure:4321: gcc -m64 -std=gnu99 -o conftest -g -O2 -I/usr/local/include  conftest.c -lapophenia -lsqlite3 -lgsl -lgslcblas -lm  >&5
configure:4321: $? = 0
configure:4321: ./conftest
configure:4321: $? = 0
configure:4331: result: yes
configure:4396: checking for floor
configure:4396: gcc -m64 -std=gnu99 -o conftest -g -O2 -I/usr/local/include  conftest.c -lapophenia -lsqlite3 -lgsl -lgslcblas -lm  >&5
conftest.c:61:6: warning: conflicting types for built-in function 'floor' [enabled by default]
 char floor ();
      ^
configure:4396: $? = 0
configure:4396: result: yes
configure:4396: checking for memset
configure:4396: gcc -m64 -std=gnu99 -o conftest -g -O2 -I/usr/local/include  conftest.c -lapophenia -lsqlite3 -lgsl -lgslcblas -lm  >&5
conftest.c:62:6: warning: conflicting types for built-in function 'memset' [enabled by default]
 char memset ();
      ^
configure:4396: $? = 0
configure:4396: result: yes
configure:4396: checking for pow
configure:4396: gcc -m64 -std=gnu99 -o conftest -g -O2 -I/usr/local/include  conftest.c -lapophenia -lsqlite3 -lgsl -lgslcblas -lm  >&5
conftest.c:63:6: warning: conflicting types for built-in function 'pow' [enabled by default]
 char pow ();
      ^
configure:4396: $? = 0
configure:4396: result: yes
configure:4396: checking for regcomp
configure:4396: gcc -m64 -std=gnu99 -o conftest -g -O2 -I/usr/local/include  conftest.c -lapophenia -lsqlite3 -lgsl -lgslcblas -lm  >&5
configure:4396: $? = 0
configure:4396: result: yes
configure:4396: checking for sqrt
configure:4396: gcc -m64 -std=gnu99 -o conftest -g -O2 -I/usr/local/include  conftest.c -lapophenia -lsqlite3 -lgsl -lgslcblas -lm  >&5
conftest.c:65:6: warning: conflicting types for built-in function 'sqrt' [enabled by default]
 char sqrt ();
      ^
configure:4396: $? = 0
configure:4396: result: yes
configure:4396: checking for strcasecmp
configure:4396: gcc -m64 -std=gnu99 -o conftest -g -O2 -I/usr/local/include  conftest.c -lapophenia -lsqlite3 -lgsl -lgslcblas -lm  >&5
conftest.c:66:6: warning: conflicting types for built-in function 'strcasecmp' [enabled by default]
 char strcasecmp ();
      ^
configure:4396: $? = 0
configure:4396: result: yes
configure:4562: creating ./config.status

## ---------------------- ##
## Running config.status. ##
## ---------------------- ##

This file was extended by Rapophenia config.status X.XX, which was
generated by GNU Autoconf 2.69.  Invocation command line was

  CONFIG_FILES    = 
  CONFIG_HEADERS  = 
  CONFIG_LINKS    = 
  CONFIG_COMMANDS = 
  $ ./config.status 

on Anna

config.status:728: creating src/Makevars

## ---------------- ##
## Cache variables. ##
## ---------------- ##

ac_cv_c_compiler_gnu=yes
ac_cv_c_const=yes
ac_cv_c_inline=inline
ac_cv_env_CC_set=
ac_cv_env_CC_value=
ac_cv_env_CFLAGS_set=
ac_cv_env_CFLAGS_value=
ac_cv_env_CPPFLAGS_set=
ac_cv_env_CPPFLAGS_value=
ac_cv_env_CPP_set=
ac_cv_env_CPP_value=
ac_cv_env_LDFLAGS_set=
ac_cv_env_LDFLAGS_value=
ac_cv_env_LIBS_set=
ac_cv_env_LIBS_value=
ac_cv_env_build_alias_set=
ac_cv_env_build_alias_value=
ac_cv_env_host_alias_set=
ac_cv_env_host_alias_value=
ac_cv_env_target_alias_set=
ac_cv_env_target_alias_value=
ac_cv_func_alloca_works=yes
ac_cv_func_floor=yes
ac_cv_func_malloc_0_nonnull=yes
ac_cv_func_memset=yes
ac_cv_func_pow=yes
ac_cv_func_realloc_0_nonnull=yes
ac_cv_func_regcomp=yes
ac_cv_func_sqrt=yes
ac_cv_func_strcasecmp=yes
ac_cv_func_strtod=yes
ac_cv_header_apop_h=yes
ac_cv_header_float_h=yes
ac_cv_header_gsl_gsl_rng_h=yes
ac_cv_header_inttypes_h=yes
ac_cv_header_memory_h=yes
ac_cv_header_sqlite3_h=yes
ac_cv_header_stdc=yes
ac_cv_header_stdint_h=yes
ac_cv_header_stdlib_h=yes
ac_cv_header_string_h=yes
ac_cv_header_strings_h=yes
ac_cv_header_sys_stat_h=yes
ac_cv_header_sys_types_h=yes
ac_cv_header_unistd_h=yes
ac_cv_header_wchar_h=yes
ac_cv_lib_apophenia_apop_data_alloc_base=yes
ac_cv_lib_gsl_gsl_blas_dgemm=yes
ac_cv_lib_gslcblas_cblas_dgemm=yes
ac_cv_lib_m_cos=yes
ac_cv_lib_sqlite3_sqlite3_exec=yes
ac_cv_objext=o
ac_cv_path_EGREP='/bin/grep -E'
ac_cv_path_GREP=/bin/grep
ac_cv_prog_CPP='gcc -m64 -std=gnu99 -E'
ac_cv_prog_ac_ct_CC='gcc -m64 -std=gnu99'
ac_cv_prog_cc_c89=
ac_cv_prog_cc_g=yes
ac_cv_struct_tm=time.h
ac_cv_type_ptrdiff_t=yes
ac_cv_type_size_t=yes
ac_cv_working_alloca_h=yes

## ----------------- ##
## Output variables. ##
## ----------------- ##

ALLOCA=''
CC='gcc -m64 -std=gnu99'
CFLAGS='-g -O2'
CPP='gcc -m64 -std=gnu99 -E'
CPPFLAGS='-I/usr/local/include'
DEFS='-DPACKAGE_NAME=\"Rapophenia\" -DPACKAGE_TARNAME=\"rapophenia\" -DPACKAGE_VERSION=\"X.XX\" -DPACKAGE_STRING=\"Rapophenia\ X.XX\" -DPACKAGE_BUGREPORT=\"ben.klemens@census.gov\" -DPACKAGE_URL=\"\" -DHAVE_LIBM=1 -DHAVE_LIBGSLCBLAS=1 -DHAVE_LIBGSL=1 -DHAVE_LIBSQLITE3=1 -DHAVE_LIBAPOPHENIA=1 -DSTDC_HEADERS=1 -DHAVE_SYS_TYPES_H=1 -DHAVE_SYS_STAT_H=1 -DHAVE_STDLIB_H=1 -DHAVE_STRING_H=1 -DHAVE_MEMORY_H=1 -DHAVE_STRINGS_H=1 -DHAVE_INTTYPES_H=1 -DHAVE_STDINT_H=1 -DHAVE_UNISTD_H=1 -DHAVE_ALLOCA_H=1 -DHAVE_ALLOCA=1 -DSTDC_HEADERS=1 -DHAVE_FLOAT_H=1 -DHAVE_INTTYPES_H=1 -DHAVE_STDLIB_H=1 -DHAVE_STRING_H=1 -DHAVE_UNISTD_H=1 -DHAVE_WCHAR_H=1 -DHAVE_PTRDIFF_T=1 -DHAVE_STDLIB_H=1 -DHAVE_MALLOC=1 -DHAVE_STDLIB_H=1 -DHAVE_REALLOC=1 -DHAVE_FLOOR=1 -DHAVE_MEMSET=1 -DHAVE_POW=1 -DHAVE_REGCOMP=1 -DHAVE_SQRT=1 -DHAVE_STRCASECMP=1'
ECHO_C=''
ECHO_N='-n'
ECHO_T=''
EGREP='/bin/grep -E'
EXEEXT=''
GREP='/bin/grep'
LDFLAGS=''
LIBOBJS=''
LIBS='-lapophenia -lsqlite3 -lgsl -lgslcblas -lm '
LTLIBOBJS=''
OBJEXT='o'
PACKAGE_BUGREPORT='ben.klemens@census.gov'
PACKAGE_NAME='Rapophenia'
PACKAGE_STRING='Rapophenia X.XX'
PACKAGE_TARNAME='rapophenia'
PACKAGE_URL=''
PACKAGE_VERSION='X.XX'
PATH_SEPARATOR=':'
POW_LIB=''
SHELL='/bin/sh'
ac_ct_CC='gcc -m64 -std=gnu99'
bindir='${exec_prefix}/bin'
build_alias=''
datadir='${datarootdir}'
datarootdir='${prefix}/share'
docdir='${datarootdir}/doc/${PACKAGE_TARNAME}'
dvidir='${docdir}'
exec_prefix='${prefix}'
host_alias=''
htmldir='${docdir}'
includedir='${prefix}/include'
infodir='${datarootdir}/info'
libdir='${exec_prefix}/lib'
libexecdir='${exec_prefix}/libexec'
localedir='${datarootdir}/locale'
localstatedir='${prefix}/var'
mandir='${datarootdir}/man'
oldincludedir='/usr/include'
pdfdir='${docdir}'
prefix='/usr'
program_transform_name='s,x,x,'
psdir='${docdir}'
sbindir='${exec_prefix}/sbin'
sharedstatedir='${prefix}/com'
sysconfdir='${prefix}/etc'
target_alias=''

## ----------- ##
## confdefs.h. ##
## ----------- ##

/* confdefs.h */
#define PACKAGE_NAME "Rapophenia"
#define PACKAGE_TARNAME "rapophenia"
#define PACKAGE_VERSION "X.XX"
#define PACKAGE_STRING "Rapophenia X.XX"
#define PACKAGE_BUGREPORT "ben.klemens@census.gov"
#define PACKAGE_URL ""
#define HAVE_LIBM 1
#define HAVE_LIBGSLCBLAS 1
#define HAVE_LIBGSL 1
#define HAVE_LIBSQLITE3 1
#define HAVE_LIBAPOPHENIA 1
#define STDC_HEADERS 1
#define HAVE_SYS_TYPES_H 1
#define HAVE_SYS_STAT_H 1
#define HAVE_STDLIB_H 1
#define HAVE_STRING_H 1
#define HAVE_MEMORY_H 1
#define HAVE_STRINGS_H 1
#define HAVE_INTTYPES_H 1
#define HAVE_STDINT_H 1
#define HAVE_UNISTD_H 1
#define HAVE_ALLOCA_H 1
#define HAVE_ALLOCA 1
#define STDC_HEADERS 1
#define HAVE_FLOAT_H 1
#define HAVE_INTTYPES_H 1
#define HAVE_STDLIB_H 1
#define HAVE_STRING_H 1
#define HAVE_UNISTD_H 1
#define HAVE_WCHAR_H 1
#define HAVE_PTRDIFF_T 1
#define HAVE_STDLIB_H 1
#define HAVE_MALLOC 1
#define HAVE_STDLIB_H 1
#define HAVE_REALLOC 1
#define HAVE_FLOOR 1
#define HAVE_MEMSET 1
#define HAVE_POW 1
#define HAVE_REGCOMP 1
#define HAVE_SQRT 1
#define HAVE_STRCASECMP 1

configure: exit 0
